<?xml version="1.0" encoding="UTF-8"?>
<!-- Generated by org.testng.reporters.JUnitReportReporter -->
<testsuite hostname="Akshay" failures="0" tests="2" name="testPack.TestNGClass" time="0.013" errors="0" timestamp="2023-02-10T18:13:23 IST" skipped="0">
  <testcase classname="testPack.TestNGClass" name="testB" time="0.010"/>
  <system-out/>
  <testcase classname="testPack.TestNGClass" name="testD" time="0.003"/>
  <system-out/>
</testsuite> <!-- testPack.TestNGClass -->
