<?xml version="1.0" encoding="UTF-8"?>
<!-- Generated by org.testng.reporters.JUnitReportReporter -->
<testsuite hostname="Akshay" failures="0" tests="4" name="testPack.Automation" time="0.009" errors="0" timestamp="2023-02-10T18:13:23 IST" skipped="0">
  <testcase classname="testPack.Automation" name="testA" time="0.002"/>
  <system-out/>
  <testcase classname="testPack.Automation" name="testB" time="0.002"/>
  <system-out/>
  <testcase classname="testPack.Automation" name="testC" time="0.003"/>
  <system-out/>
  <testcase classname="testPack.Automation" name="testD" time="0.002"/>
  <system-out/>
</testsuite> <!-- testPack.Automation -->
