<?xml version="1.0" encoding="UTF-8"?>
<!-- Generated by org.testng.reporters.JUnitReportReporter -->
<testsuite hostname="Akshay" failures="0" tests="2" name="testPack.TestClass1" time="17.521" errors="0" timestamp="2023-02-07T15:41:31 IST" skipped="0">
  <testcase classname="testPack.TestClass1" name="verifyConditionsofUseLink" time="5.312"/>
  <system-out/>
  <testcase classname="testPack.TestClass1" name="verifyPrivacyNoticeLink" time="12.209"/>
  <system-out/>
</testsuite> <!-- testPack.TestClass1 -->
